--------------------------------------------------
SMART DIRECTORY AUTOMATION LOG
--------------------------------------------------
Start Time : Sun Mar 15 00:58:59 2026
Directory  : C:\Users\vidya kakade\Desktop\TestProject

Total Files Scanned : 3

--------------------------------------------------
Duplicate Files Found
--------------------------------------------------
C:\Users\vidya kakade\Desktop\TestProject\New Text Document (2).txt
C:\Users\vidya kakade\Desktop\TestProject\New Text Document (3).txt
C:\Users\vidya kakade\Desktop\TestProject\New Text Document.txt


--------------------------------------------------
Deleted Files
--------------------------------------------------
C:\Users\vidya kakade\Desktop\TestProject\New Text Document (3).txt
C:\Users\vidya kakade\Desktop\TestProject\New Text Document.txt

Total Deleted Files : 2
End Time : Sun Mar 15 00:58:59 2026
--------------------------------------------------
