--------------------------------------------------
SMART DIRECTORY AUTOMATION LOG
--------------------------------------------------
Start Time : Sun Mar 15 08:57:32 2026
Directory  : C:\Users\vidya kakade\Desktop\TestProject

Total Files Scanned : 7

--------------------------------------------------
Duplicate Files Found
--------------------------------------------------
C:\Users\vidya kakade\Desktop\TestProject\New Text Document (2) - Copy - Copy - Copy.txt
C:\Users\vidya kakade\Desktop\TestProject\New Text Document (2) - Copy - Copy.txt
C:\Users\vidya kakade\Desktop\TestProject\New Text Document (3) - Copy - Copy - Copy.txt
C:\Users\vidya kakade\Desktop\TestProject\New Text Document (4) - Copy - Copy - Copy.txt
C:\Users\vidya kakade\Desktop\TestProject\New Text Document (5) - Copy - Copy - Copy.txt
C:\Users\vidya kakade\Desktop\TestProject\New Text Document (6) - Copy - Copy - Copy.txt
C:\Users\vidya kakade\Desktop\TestProject\New Text Document (7) - Copy - Copy - Copy.txt


--------------------------------------------------
Deleted Files
--------------------------------------------------
C:\Users\vidya kakade\Desktop\TestProject\New Text Document (2) - Copy - Copy.txt
C:\Users\vidya kakade\Desktop\TestProject\New Text Document (3) - Copy - Copy - Copy.txt
C:\Users\vidya kakade\Desktop\TestProject\New Text Document (4) - Copy - Copy - Copy.txt
C:\Users\vidya kakade\Desktop\TestProject\New Text Document (5) - Copy - Copy - Copy.txt
C:\Users\vidya kakade\Desktop\TestProject\New Text Document (6) - Copy - Copy - Copy.txt
C:\Users\vidya kakade\Desktop\TestProject\New Text Document (7) - Copy - Copy - Copy.txt

Total Deleted Files : 6
End Time : Sun Mar 15 08:57:32 2026
--------------------------------------------------
