--------------------------------------------------
SMART DIRECTORY AUTOMATION LOG
--------------------------------------------------
Start Time : Sun Mar 15 12:46:23 2026
Directory  : C:\Users\vidya kakade\Desktop\TestProject

Total Files Scanned : 6

--------------------------------------------------
Duplicate Files Found
--------------------------------------------------
C:\Users\vidya kakade\Desktop\TestProject\New Text Document (2) - Copy - Copy - Copy - Copy.txt
C:\Users\vidya kakade\Desktop\TestProject\New Text Document (2) - Copy - Copy - Copy.txt
C:\Users\vidya kakade\Desktop\TestProject\New Text Document (3) - Copy - Copy - Copy - Copy.txt
C:\Users\vidya kakade\Desktop\TestProject\New Text Document (4) - Copy - Copy - Copy - Copy.txt
C:\Users\vidya kakade\Desktop\TestProject\New Text Document (5) - Copy - Copy - Copy - Copy.txt
C:\Users\vidya kakade\Desktop\TestProject\New Text Document (6) - Copy - Copy - Copy - Copy.txt


--------------------------------------------------
Deleted Files
--------------------------------------------------
C:\Users\vidya kakade\Desktop\TestProject\New Text Document (2) - Copy - Copy - Copy.txt
C:\Users\vidya kakade\Desktop\TestProject\New Text Document (3) - Copy - Copy - Copy - Copy.txt
C:\Users\vidya kakade\Desktop\TestProject\New Text Document (4) - Copy - Copy - Copy - Copy.txt
C:\Users\vidya kakade\Desktop\TestProject\New Text Document (5) - Copy - Copy - Copy - Copy.txt
C:\Users\vidya kakade\Desktop\TestProject\New Text Document (6) - Copy - Copy - Copy - Copy.txt

Total Deleted Files : 5
End Time : Sun Mar 15 12:46:23 2026
--------------------------------------------------
